2015-07-08 12:04:30 INFO: nxt.enableStackTraces = "true"
2015-07-08 12:04:30 INFO: nxt.enableLogTraceback = "false"
2015-07-08 12:04:30 INFO: logging enabled
2015-07-08 12:04:30 INFO: nxt.dbCacheKB = "0"
2015-07-08 12:04:30 INFO: nxt.maxRollback = "1440"
2015-07-08 12:04:30 INFO: nxt.isTestnet = "false"
2015-07-08 12:04:30 INFO: nxt.isOffline = "false"
2015-07-08 12:04:30 INFO: nxt.dbUrl = "jdbc:h2:burst_db/burst;DB_CLOSE_ON_EXIT=FALSE"
2015-07-08 12:04:30 INFO: nxt.maxDbConnections = "30"
2015-07-08 12:04:30 INFO: nxt.dbLoginTimeout = "70"
2015-07-08 12:04:30 INFO: nxt.dbDefaultLockTimeout = "60"
2015-07-08 12:04:31 INFO: nxt.enableTransactionRebroadcasting = "true"
2015-07-08 12:04:31 INFO: nxt.testUnconfirmedTransactions not defined, assuming false
2015-07-08 12:04:31 INFO: nxt.trimDerivedTables = "true"
2015-07-08 12:04:31 INFO: nxt.forceScan = "false"
2015-07-08 12:04:31 INFO: nxt.forceValidate = "false"
2015-07-08 12:04:31 INFO: nxt.disableGetMoreBlocksThread not defined, assuming false
2015-07-08 12:04:31 INFO: nxt.disableProcessTransactionsThread not defined, assuming false
2015-07-08 12:04:31 INFO: nxt.disableRemoveUnconfirmedTransactionsThread not defined, assuming false
2015-07-08 12:04:31 INFO: nxt.disableRebroadcastTransactionsThread not defined, assuming false
2015-07-08 12:04:31 INFO: Initializing an empty database
2015-07-08 12:04:31 INFO: Deleting blockchain...
2015-07-08 12:04:31 INFO: nxt.myPlatform = "PC"
2015-07-08 12:04:31 INFO: nxt.myAddress not defined
2015-07-08 12:04:31 INFO: nxt.peerServerPort = "8123"
2015-07-08 12:04:31 INFO: nxt.shareMyAddress = "true"
2015-07-08 12:04:31 INFO: nxt.myHallmark not defined
2015-07-08 12:04:31 INFO: nxt.wellKnownPeers = "198.199.103.145; 178.62.39.204; burst.cryptoport.io; 192.155.252.202; 37.58.107.74; 119.81.165.138; 119.81.44.170; 119.81.44.171"
2015-07-08 12:04:31 INFO: nxt.knownBlacklistedPeers not defined
2015-07-08 12:04:31 INFO: nxt.maxNumberOfConnectedPublicPeers = "20"
2015-07-08 12:04:31 INFO: nxt.connectTimeout = "4000"
2015-07-08 12:04:31 INFO: nxt.readTimeout = "8000"
2015-07-08 12:04:31 INFO: nxt.enableHallmarkProtection = "false"
2015-07-08 12:04:31 INFO: nxt.pushThreshold = "0"
2015-07-08 12:04:31 INFO: nxt.pullThreshold = "0"
2015-07-08 12:04:31 INFO: nxt.blacklistingPeriod = "600000"
2015-07-08 12:04:31 INFO: nxt.communicationLoggingMask = "0"
2015-07-08 12:04:31 INFO: nxt.sendToPeersLimit = "10"
2015-07-08 12:04:31 INFO: nxt.usePeersDb = "true"
2015-07-08 12:04:31 INFO: nxt.savePeers = "true"
2015-07-08 12:04:31 INFO: nxt.getMorePeers = "true"
2015-07-08 12:04:31 INFO: nxt.dumpPeersVersion not defined
2015-07-08 12:04:31 INFO: nxt.disablePeerConnectingThread not defined, assuming false
2015-07-08 12:04:31 INFO: nxt.disablePeerUnBlacklistingThread not defined, assuming false
2015-07-08 12:04:31 INFO: nxt.disableGetMorePeersThread not defined, assuming false
2015-07-08 12:04:31 INFO: nxt.peerServerHost = "0.0.0.0"
2015-07-08 12:04:31 INFO: nxt.peerServerIdleTimeout = "30000"
2015-07-08 12:04:31 INFO: nxt.enablePeerServerGZIPFilter = "true"
2015-07-08 12:04:31 INFO: nxt.enablePeerServerDoSFilter = "true"
2015-07-08 12:04:31 INFO: nxt.peerServerDoSFilter.maxRequestsPerSec = "30"
2015-07-08 12:04:31 INFO: nxt.peerServerDoSFilter.delayMs = "1000"
2015-07-08 12:04:31 INFO: nxt.peerServerDoSFilter.maxRequestMs = "300000"
2015-07-08 12:04:31 INFO: nxt.disableGenerateBlocksThread not defined, assuming false
2015-07-08 12:04:31 INFO: nxt.enableDebugAPI = "false"
2015-07-08 12:04:31 INFO: nxt.allowedBotHosts = "127.0.0.1; localhost; [0:0:0:0:0:0:0:1];"
2015-07-08 12:04:31 INFO: nxt.enableAPIServer = "true"
2015-07-08 12:04:31 INFO: nxt.apiServerPort = "8125"
2015-07-08 12:04:31 INFO: nxt.apiServerHost = "127.0.0.1"
2015-07-08 12:04:31 INFO: nxt.apiSSL = "false"
2015-07-08 12:04:31 INFO: nxt.apiServerIdleTimeout = "30000"
2015-07-08 12:04:31 INFO: nxt.apiResourceBase = "html/ui"
2015-07-08 12:04:31 INFO: nxt.javadocResourceBase = "html/doc"
2015-07-08 12:04:31 INFO: nxt.enableAPIServerGZIPFilter = "false"
2015-07-08 12:04:31 INFO: nxt.apiServerCORS = "false"
2015-07-08 12:04:31 INFO: nxt.allowedUserHosts = "127.0.0.1; localhost; [0:0:0:0:0:0:0:1];"
2015-07-08 12:04:31 INFO: nxt.enableUIServer = "false"
2015-07-08 12:04:31 INFO: User interface server not enabled
2015-07-08 12:04:31 INFO: nxt.debugTraceQuote = """
2015-07-08 12:04:31 INFO: nxt.debugTraceSeparator = "	"
2015-07-08 12:04:31 INFO: nxt.debugLogUnconfirmed = "false"
2015-07-08 12:04:31 INFO: nxt.debugTraceAccounts not defined
2015-07-08 12:04:31 INFO: nxt.debugTraceLog = "nxt-trace.csv"
2015-07-08 12:04:31 INFO: Genesis block not in database, starting from scratch
2015-07-08 12:04:31 INFO: Scanning blockchain starting from height 0...
2015-07-08 12:04:31 INFO: processed block 0
2015-07-08 12:04:31 INFO: ...done at height 0
2015-07-08 12:04:32 INFO: Started peer networking server at 0.0.0.0:8123
2015-07-08 12:04:32 INFO: Started API server at 127.0.0.1:8125
2015-07-08 12:04:32 INFO: Initialization took 1 seconds
2015-07-08 12:04:32 INFO: Burst server 1.2.3 started successfully.
